<?xml version="1.0" encoding="UTF-8"?>
<!-- Generated by org.testng.reporters.JUnitReportReporter -->
<testsuite hostname="LAPTOP-7A5PAMPR" failures="0" tests="1" name="TestCases.verifySignUpPage" time="17.542" errors="0" timestamp="2023-06-09T18:55:25 IST" skipped="0">
  <testcase classname="TestCases.verifySignUpPage" name="signUp" time="17.542"/>
  <system-out/>
</testsuite> <!-- TestCases.verifySignUpPage -->
